<?xml version="1.0" encoding="UTF-8"?>
<!-- Generated by org.testng.reporters.JUnitXMLReporter -->
<testsuite hostname="LENOVO-PC" ignored="0" name="TestRunner-firefox" tests="2" failures="0" timestamp="2021-04-20T14:23:53 IST" time="127.539" errors="0">
  <testcase name="createcontact" time="48.458" classname="com.vtiger.testcases.NewCreateContactforOrganization"/>
  <testcase name="createOrg" time="79.056" classname="com.vtiger.testcases.New_Create_Organization"/>
</testsuite> <!-- TestRunner-firefox -->
