<?xml version="1.0" encoding="UTF-8"?>
<!-- Generated by org.testng.reporters.JUnitXMLReporter -->
<testsuite hostname="LENOVO-PC" ignored="0" name="TestRunner-Chrome" tests="2" failures="0" timestamp="2021-04-20T14:23:57 IST" time="131.755" errors="0">
  <testcase name="createcontact" time="54.092" classname="com.vtiger.testcases.NewCreateContactforOrganization"/>
  <testcase name="createOrg" time="77.582" classname="com.vtiger.testcases.New_Create_Organization"/>
</testsuite> <!-- TestRunner-Chrome -->
