<?xml version="1.0" encoding="UTF-8"?>
<!-- Generated by org.testng.reporters.JUnitXMLReporter -->
<testsuite hostname="LENOVO-PC" ignored="0" name="TestRunner-2" tests="4" failures="1" timestamp="2021-04-20T18:01:36 IST" time="21.436" errors="0">
  <testcase name="@AfterMethod logoutfromApp" time="0.123" classname="com.vtiger.com.generics.BaseClass">
    <failure type="java.lang.NullPointerException">
      <![CDATA[java.lang.NullPointerException
at java.util.Objects.requireNonNull(Unknown Source)
at org.openqa.selenium.interactions.Actions.<init>(Actions.java:65)
at com.vtiger.com.generics.WebDriverUtility.movetoelement(WebDriverUtility.java:120)
at com.vtiger.ObjectRepo.HomePage.logout(HomePage.java:78)
at com.vtiger.com.generics.BaseClass.logoutfromApp(BaseClass.java:106)
at java.util.ArrayList.forEach(Unknown Source)
at java.util.concurrent.FutureTask.run(Unknown Source)
at java.util.concurrent.ThreadPoolExecutor.runWorker(Unknown Source)
at java.util.concurrent.ThreadPoolExecutor$Worker.run(Unknown Source)
at java.lang.Thread.run(Unknown Source)
... Removed 23 stack frames]]>
    </failure>
  </testcase> <!-- @AfterMethod logoutfromApp -->
  <testcase name="@AfterClass closeBrowser" time="-1.618921895829E9" classname="com.vtiger.com.generics.BaseClass">
    <skipped/>
  </testcase> <!-- @AfterClass closeBrowser -->
  <testcase name="a" time="0.028" classname="com.vtiger.testcases.Execution"/>
  <testcase name="b" time="0.002" classname="com.vtiger.testcases.Execution"/>
  <testcase name="c" time="0.002" classname="com.vtiger.testcases.Execution"/>
  <testcase name="createcontact" time="0.011" classname="com.vtiger.testcases.LatestOneCreateContOrg">
    <failure type="java.lang.NullPointerException">
      <![CDATA[java.lang.NullPointerException
at org.openqa.selenium.support.pagefactory.DefaultElementLocator.findElement(DefaultElementLocator.java:69)
at org.openqa.selenium.support.pagefactory.internal.LocatingElementHandler.invoke(LocatingElementHandler.java:38)
at com.sun.proxy.$Proxy13.click(Unknown Source)
at com.vtiger.testcases.LatestOneCreateContOrg.createcontact(LatestOneCreateContOrg.java:46)
at java.util.ArrayList.forEach(Unknown Source)
at java.util.concurrent.FutureTask.run(Unknown Source)
at java.util.concurrent.ThreadPoolExecutor.runWorker(Unknown Source)
at java.util.concurrent.ThreadPoolExecutor$Worker.run(Unknown Source)
at java.lang.Thread.run(Unknown Source)
... Removed 18 stack frames]]>
    </failure>
  </testcase> <!-- createcontact -->
</testsuite> <!-- TestRunner-2 -->
