<?xml version="1.0" encoding="UTF-8"?>
<testng-results skipped="0" failed="0" ignored="0" total="1" passed="1">
  <reporter-output>
  </reporter-output>
  <suite name="Default suite" duration-ms="218537" started-at="2021-04-13T14:14:31Z" finished-at="2021-04-13T14:18:10Z">
    <groups>
    </groups>
    <test name="Default test" duration-ms="218537" started-at="2021-04-13T14:14:31Z" finished-at="2021-04-13T14:18:10Z">
      <class name="com.vtiger.testcases.NewCreateContactforOrganization">
        <test-method status="PASS" signature="createcontact()[pri:0, instance:com.vtiger.testcases.NewCreateContactforOrganization@691a7f8f]" name="createcontact" duration-ms="218390" started-at="2021-04-13T14:14:31Z" finished-at="2021-04-13T14:18:10Z">
          <reporter-output>
          </reporter-output>
        </test-method> <!-- createcontact -->
      </class> <!-- com.vtiger.testcases.NewCreateContactforOrganization -->
    </test> <!-- Default test -->
  </suite> <!-- Default suite -->
</testng-results>
